[35m[1mScanning dependencies of target geometry_msgs_generate_messages_lisp[0m
[35m[1mScanning dependencies of target std_msgs_generate_messages_nodejs[0m
[35m[1mScanning dependencies of target geometry_msgs_generate_messages_nodejs[0m
[35m[1mScanning dependencies of target std_msgs_generate_messages_py[0m
[35m[1mScanning dependencies of target std_msgs_generate_messages_cpp[0m
[35m[1mScanning dependencies of target _ray_trace_generate_messages_check_deps_ray_trace[0m
[35m[1mScanning dependencies of target geometry_msgs_generate_messages_eus[0m
[35m[1mScanning dependencies of target _ray_trace_generate_messages_check_deps_Triangle[0m
[35m[1mScanning dependencies of target geometry_msgs_generate_messages_cpp[0m
[35m[1mScanning dependencies of target std_msgs_generate_messages_lisp[0m
[35m[1mScanning dependencies of target geometry_msgs_generate_messages_py[0m
[35m[1mScanning dependencies of target std_msgs_generate_messages_eus[0m
[  0%] Built target std_msgs_generate_messages_nodejs
[  0%] Built target std_msgs_generate_messages_cpp
[  0%] Built target geometry_msgs_generate_messages_lisp
[  0%] Built target std_msgs_generate_messages_py
[  0%] Built target geometry_msgs_generate_messages_nodejs
[  0%] Built target geometry_msgs_generate_messages_cpp
[  0%] Built target geometry_msgs_generate_messages_eus
[  0%] Built target geometry_msgs_generate_messages_py
[  0%] Built target std_msgs_generate_messages_lisp
[  0%] Built target std_msgs_generate_messages_eus
[  0%] Built target _ray_trace_generate_messages_check_deps_ray_trace
[  0%] Built target _ray_trace_generate_messages_check_deps_Triangle
[35m[1mScanning dependencies of target ray_trace_generate_messages_py[0m
[35m[1mScanning dependencies of target ray_trace_generate_messages_eus[0m
[35m[1mScanning dependencies of target ray_trace_generate_messages_nodejs[0m
[35m[1mScanning dependencies of target ray_trace_generate_messages_lisp[0m
[35m[1mScanning dependencies of target ray_trace_generate_messages_cpp[0m
[  7%] [34m[1mGenerating Javascript code from ray_trace/ray_trace.srv[0m
[ 23%] [34m[1mGenerating EusLisp code from ray_trace/ray_trace.srv[0m
[ 23%] [34m[1mGenerating Python code from SRV ray_trace/ray_trace[0m
[ 30%] [34m[1mGenerating C++ code from ray_trace/ray_trace.srv[0m
[ 38%] [34m[1mGenerating EusLisp code from ray_trace/Triangle.msg[0m
[ 53%] [34m[1mGenerating C++ code from ray_trace/Triangle.msg[0m
[ 61%] [34m[1mGenerating Lisp code from ray_trace/Triangle.msg[0m
[ 69%] [34m[1mGenerating Python from MSG ray_trace/Triangle[0m
[ 46%] [34m[1mGenerating EusLisp manifest code for ray_trace[0m
[ 76%] [34m[1mGenerating Lisp code from ray_trace/ray_trace.srv[0m
[ 84%] [34m[1mGenerating Javascript code from ray_trace/Triangle.msg[0m
Traceback (most recent call last):
  File "/opt/ros/melodic/share/gencpp/cmake/../../../lib/gencpp/gen_cpp.py", line 43, in <module>
    import genmsg.template_tools
  File "/opt/ros/melodic/lib/python2.7/dist-packages/genmsg/template_tools.py", line 39, in <module>
    import em
ImportError: No module named em
make[2]: *** [/home/wgieruls/Desktop/bsc/devel/.private/ray_trace/include/ray_trace/ray_trace.h] Error 1
make[2]: *** Waiting for unfinished jobs....
CMakeFiles/ray_trace_generate_messages_cpp.dir/build.make:72: recipe for target '/home/wgieruls/Desktop/bsc/devel/.private/ray_trace/include/ray_trace/ray_trace.h' failed
Traceback (most recent call last):
  File "/opt/ros/melodic/share/gencpp/cmake/../../../lib/gencpp/gen_cpp.py", line 43, in <module>
    import genmsg.template_tools
  File "/opt/ros/melodic/lib/python2.7/dist-packages/genmsg/template_tools.py", line 39, in <module>
    import em
ImportError: No module named em
CMakeFiles/ray_trace_generate_messages_cpp.dir/build.make:64: recipe for target '/home/wgieruls/Desktop/bsc/devel/.private/ray_trace/include/ray_trace/Triangle.h' failed
make[2]: *** [/home/wgieruls/Desktop/bsc/devel/.private/ray_trace/include/ray_trace/Triangle.h] Error 1
make[1]: *** [CMakeFiles/ray_trace_generate_messages_cpp.dir/all] Error 2
make[1]: *** Waiting for unfinished jobs....
CMakeFiles/Makefile2:754: recipe for target 'CMakeFiles/ray_trace_generate_messages_cpp.dir/all' failed
[ 84%] Built target ray_trace_generate_messages_nodejs
[ 84%] Built target ray_trace_generate_messages_lisp
[ 92%] [34m[1mGenerating Python srv __init__.py for ray_trace[0m
[100%] [34m[1mGenerating Python msg __init__.py for ray_trace[0m
[100%] Built target ray_trace_generate_messages_py
[100%] Built target ray_trace_generate_messages_eus
Makefile:140: recipe for target 'all' failed
make: *** [all] Error 2
