[  0%] Built target geometry_msgs_generate_messages_lisp
[  0%] Built target geometry_msgs_generate_messages_cpp
[  0%] Built target geometry_msgs_generate_messages_nodejs
[  0%] Built target std_msgs_generate_messages_cpp
[  0%] Built target geometry_msgs_generate_messages_eus
[  0%] Built target geometry_msgs_generate_messages_py
[  0%] Built target std_msgs_generate_messages_nodejs
[  0%] Built target std_msgs_generate_messages_lisp
[  0%] Built target std_msgs_generate_messages_py
[  0%] Built target std_msgs_generate_messages_eus
[  0%] Built target _ray_trace_generate_messages_check_deps_ray_trace
[  0%] Built target _ray_trace_generate_messages_check_deps_Triangle
[  7%] [34m[1mGenerating C++ code from ray_trace/ray_trace.srv[0m
[ 30%] Built target ray_trace_generate_messages_eus
[ 38%] [34m[1mGenerating C++ code from ray_trace/Triangle.msg[0m
[ 53%] Built target ray_trace_generate_messages_nodejs
[ 84%] Built target ray_trace_generate_messages_py
[100%] Built target ray_trace_generate_messages_lisp
Traceback (most recent call last):
  File "/opt/ros/melodic/share/gencpp/cmake/../../../lib/gencpp/gen_cpp.py", line 43, in <module>
    import genmsg.template_tools
  File "/opt/ros/melodic/lib/python2.7/dist-packages/genmsg/template_tools.py", line 39, in <module>
    import em
ImportError: No module named em
CMakeFiles/ray_trace_generate_messages_cpp.dir/build.make:72: recipe for target '/home/wgieruls/Desktop/bsc/devel/.private/ray_trace/include/ray_trace/ray_trace.h' failed
make[2]: *** [/home/wgieruls/Desktop/bsc/devel/.private/ray_trace/include/ray_trace/ray_trace.h] Error 1
make[2]: *** Waiting for unfinished jobs....
Traceback (most recent call last):
  File "/opt/ros/melodic/share/gencpp/cmake/../../../lib/gencpp/gen_cpp.py", line 43, in <module>
    import genmsg.template_tools
  File "/opt/ros/melodic/lib/python2.7/dist-packages/genmsg/template_tools.py", line 39, in <module>
    import em
ImportError: No module named em
CMakeFiles/ray_trace_generate_messages_cpp.dir/build.make:64: recipe for target '/home/wgieruls/Desktop/bsc/devel/.private/ray_trace/include/ray_trace/Triangle.h' failed
make[2]: *** [/home/wgieruls/Desktop/bsc/devel/.private/ray_trace/include/ray_trace/Triangle.h] Error 1
CMakeFiles/Makefile2:754: recipe for target 'CMakeFiles/ray_trace_generate_messages_cpp.dir/all' failed
make[1]: *** [CMakeFiles/ray_trace_generate_messages_cpp.dir/all] Error 2
Makefile:140: recipe for target 'all' failed
make: *** [all] Error 2
