[  0%] Built target std_msgs_generate_messages_nodejs
[  0%] Built target geometry_msgs_generate_messages_cpp
[  0%] Built target geometry_msgs_generate_messages_nodejs
[  0%] Built target std_msgs_generate_messages_py
[  0%] Built target std_msgs_generate_messages_lisp
[  0%] Built target geometry_msgs_generate_messages_py
[  0%] Built target geometry_msgs_generate_messages_lisp
[  0%] Built target std_msgs_generate_messages_cpp
[  0%] Built target geometry_msgs_generate_messages_eus
[  0%] Built target std_msgs_generate_messages_eus
[  0%] Built target _ray_trace_generate_messages_check_deps_ray_trace
[  0%] Built target _ray_trace_generate_messages_check_deps_Triangle
[ 15%] Built target ray_trace_generate_messages_nodejs
[ 38%] Built target ray_trace_generate_messages_eus
[ 61%] [34m[1mGenerating C++ code from ray_trace/Triangle.msg[0m
[ 76%] Built target ray_trace_generate_messages_py
[ 92%] Built target ray_trace_generate_messages_lisp
[100%] [34m[1mGenerating C++ code from ray_trace/ray_trace.srv[0m
Traceback (most recent call last):
  File "/opt/ros/melodic/share/gencpp/cmake/../../../lib/gencpp/gen_cpp.py", line 50, in <module>
    sys.argv, msg_template_map, srv_template_map)
  File "/opt/ros/melodic/lib/python2.7/dist-packages/genmsg/template_tools.py", line 213, in generate_from_command_line_options
    generate_from_file(argv[1], options.package, options.outdir, options.emdir, options.includepath, msg_template_dict, srv_template_dict)
  File "/opt/ros/melodic/lib/python2.7/dist-packages/genmsg/template_tools.py", line 154, in generate_from_file
    _generate_msg_from_file(input_file, output_dir, template_dir, search_path, package_name, msg_template_dict)
  File "/opt/ros/melodic/lib/python2.7/dist-packages/genmsg/template_tools.py", line 99, in _generate_msg_from_file
    search_path)
  File "/opt/ros/melodic/lib/python2.7/dist-packages/genmsg/template_tools.py", line 77, in _generate_from_spec
    interpreter = em.Interpreter(output=ofile, globals=g, options={em.RAW_OPT:True,em.BUFFERED_OPT:True})
AttributeError: 'module' object has no attribute 'Interpreter'
CMakeFiles/ray_trace_generate_messages_cpp.dir/build.make:64: recipe for target '/home/wgieruls/Desktop/bsc/devel/.private/ray_trace/include/ray_trace/Triangle.h' failed
make[2]: *** [/home/wgieruls/Desktop/bsc/devel/.private/ray_trace/include/ray_trace/Triangle.h] Error 1
make[2]: *** Deleting file '/home/wgieruls/Desktop/bsc/devel/.private/ray_trace/include/ray_trace/Triangle.h'
make[2]: *** Waiting for unfinished jobs....
Traceback (most recent call last):
  File "/opt/ros/melodic/share/gencpp/cmake/../../../lib/gencpp/gen_cpp.py", line 50, in <module>
    sys.argv, msg_template_map, srv_template_map)
  File "/opt/ros/melodic/lib/python2.7/dist-packages/genmsg/template_tools.py", line 213, in generate_from_command_line_options
    generate_from_file(argv[1], options.package, options.outdir, options.emdir, options.includepath, msg_template_dict, srv_template_dict)
  File "/opt/ros/melodic/lib/python2.7/dist-packages/genmsg/template_tools.py", line 156, in generate_from_file
    _generate_srv_from_file(input_file, output_dir, template_dir, search_path, package_name, srv_template_dict, msg_template_dict)
  File "/opt/ros/melodic/lib/python2.7/dist-packages/genmsg/template_tools.py", line 115, in _generate_srv_from_file
    search_path)
  File "/opt/ros/melodic/lib/python2.7/dist-packages/genmsg/template_tools.py", line 77, in _generate_from_spec
    interpreter = em.Interpreter(output=ofile, globals=g, options={em.RAW_OPT:True,em.BUFFERED_OPT:True})
AttributeError: 'module' object has no attribute 'Interpreter'
CMakeFiles/ray_trace_generate_messages_cpp.dir/build.make:72: recipe for target '/home/wgieruls/Desktop/bsc/devel/.private/ray_trace/include/ray_trace/ray_trace.h' failed
make[2]: *** [/home/wgieruls/Desktop/bsc/devel/.private/ray_trace/include/ray_trace/ray_trace.h] Error 1
make[2]: *** Deleting file '/home/wgieruls/Desktop/bsc/devel/.private/ray_trace/include/ray_trace/ray_trace.h'
CMakeFiles/Makefile2:754: recipe for target 'CMakeFiles/ray_trace_generate_messages_cpp.dir/all' failed
make[1]: *** [CMakeFiles/ray_trace_generate_messages_cpp.dir/all] Error 2
Makefile:140: recipe for target 'all' failed
make: *** [all] Error 2
